nohup: ignoring input
=== NTX Quest Radar V4.0（UI + 时间显示优化版） ===
Web UI 密码: admin
访问: http://服务器IP:5001/?pwd=admin
 * Serving Flask app 'combined_app' (lazy loading)
 * Environment: production
   WARNING: This is a development server. Do not use it in a production deployment.
   Use a production WSGI server instead.
 * Debug mode: off
Traceback (most recent call last):
  File "combined_app.py", line 1173, in <module>
    app.run(host="0.0.0.0", port=cfg["webui_port"], debug=False)
  File "/opt/GalxeMonitor/venv/lib64/python3.6/site-packages/flask/app.py", line 920, in run
    run_simple(t.cast(str, host), port, self, **options)
  File "/opt/GalxeMonitor/venv/lib64/python3.6/site-packages/werkzeug/serving.py", line 1017, in run_simple
    inner()
  File "/opt/GalxeMonitor/venv/lib64/python3.6/site-packages/werkzeug/serving.py", line 966, in inner
    fd=fd,
  File "/opt/GalxeMonitor/venv/lib64/python3.6/site-packages/werkzeug/serving.py", line 790, in make_server
    host, port, app, request_handler, passthrough_errors, ssl_context, fd=fd
  File "/opt/GalxeMonitor/venv/lib64/python3.6/site-packages/werkzeug/serving.py", line 693, in __init__
    super().__init__(server_address, handler)  # type: ignore
  File "/usr/lib64/python3.6/socketserver.py", line 456, in __init__
    self.server_bind()
  File "/usr/lib64/python3.6/http/server.py", line 136, in server_bind
    socketserver.TCPServer.server_bind(self)
  File "/usr/lib64/python3.6/socketserver.py", line 470, in server_bind
    self.socket.bind(self.server_address)
OSError: [Errno 98] Address already in use
